\BOOKMARK [0][-]{section*.2}{\376\377\000M\000o\000d\000e\000l\000-\000f\000r\000e\000e\000\040\000a\000n\000d\000\040\000B\000a\000y\000e\000s\000i\000a\000n\000\040\000E\000n\000s\000e\000m\000b\000l\000i\000n\000g\000\040\000M\000o\000d\000e\000l\000-\000b\000a\000s\000e\000d\000\040\000D\000e\000e\000p\000\040\000R\000e\000i\000n\000f\000o\000r\000c\000e\000m\000e\000n\000t\000\040\000L\000e\000a\000r\000n\000i\000n\000g\000\040\000f\000o\000r\000\040\000P\000a\000r\000t\000i\000c\000l\000e\000\040\000A\000c\000c\000e\000l\000e\000r\000a\000t\000o\000r\000\040\000C\000o\000n\000t\000r\000o\000l\000\040\000D\000e\000m\000o\000n\000s\000t\000r\000a\000t\000e\000d\000\040\000o\000n\000\040\000t\000h\000e\000\040\000F\000E\000R\000M\000I\000\040\000F\000E\000L}{}% 2
\BOOKMARK [1][-]{section*.1}{\376\377\000A\000b\000s\000t\000r\000a\000c\000t}{section*.2}% 1
\BOOKMARK [1][-]{section*.3}{\376\377\000I\000n\000t\000r\000o\000d\000u\000c\000t\000i\000o\000n\000\040\000a\000n\000d\000\040\000M\000o\000t\000i\000v\000a\000t\000i\000o\000n}{section*.2}% 3
\BOOKMARK [2][-]{section*.5}{\376\377\000A\000n\000\040\000O\000v\000e\000r\000v\000i\000e\000w\000\040\000o\000f\000\040\000t\000h\000e\000\040\000M\000a\000i\000n\000\040\000R\000e\000s\000u\000l\000t\000s}{section*.3}% 4
\BOOKMARK [1][-]{section*.6}{\376\377\000T\000h\000e\000\040\000s\000e\000t\000u\000p\000\040\000o\000f\000\040\000t\000h\000e\000\040\000s\000t\000u\000d\000i\000e\000d\000\040\000p\000r\000o\000b\000l\000e\000m}{section*.2}% 5
\BOOKMARK [2][-]{section*.7}{\376\377\000T\000h\000e\000\040\000P\000h\000y\000s\000i\000c\000a\000l\000\040\000S\000e\000t\000u\000p}{section*.6}% 6
\BOOKMARK [2][-]{section*.8}{\376\377\000T\000h\000e\000\040\000T\000r\000a\000i\000n\000i\000n\000g\000\040\000E\000n\000v\000i\000r\000o\000n\000m\000e\000n\000t}{section*.6}% 7
\BOOKMARK [1][-]{section*.10}{\376\377\000D\000e\000e\000p\000\040\000R\000e\000i\000n\000f\000o\000r\000c\000e\000m\000e\000n\000t\000\040\000l\000e\000a\000r\000n\000i\000n\000g}{section*.2}% 8
\BOOKMARK [2][-]{section*.11}{\376\377\000M\000o\000d\000e\000l\000-\000f\000r\000e\000e\000\040\000R\000e\000i\000n\000f\000o\000r\000c\000e\000m\000e\000n\000t\000\040\000L\000e\000a\000r\000n\000i\000n\000g}{section*.10}% 9
\BOOKMARK [3][-]{section*.12}{\376\377\000A\000p\000p\000r\000o\000x\000i\000m\000a\000t\000e\000\040\000d\000y\000n\000a\000m\000i\000c\000\040\000p\000r\000o\000g\000r\000a\000m\000m\000i\000n\000g}{section*.11}% 10
\BOOKMARK [3][-]{section*.13}{\376\377\000D\000e\000s\000i\000g\000n\000\040\000d\000e\000c\000i\000s\000i\000o\000n\000s\000\040\000f\000o\000r\000\040\000M\000F\000R\000L}{section*.11}% 11
\BOOKMARK [2][-]{section*.14}{\376\377\000U\000n\000c\000e\000r\000t\000a\000i\000n\000t\000y\000\040\000A\000w\000a\000r\000e\000\040\000D\000Y\000N\000A\000-\000s\000t\000y\000l\000e\000\040\000R\000e\000i\000n\000f\000o\000r\000c\000e\000m\000e\000n\000t\000\040\000L\000e\000a\000r\000n\000i\000n\000g}{section*.10}% 12
\BOOKMARK [2][-]{section*.16}{\376\377\000C\000r\000i\000t\000i\000c\000a\000l\000\040\000D\000e\000s\000i\000g\000n\000\040\000D\000e\000c\000i\000s\000i\000o\000n\000s\000\040\000i\000n\000\040\000M\000B\000R\000L}{section*.10}% 13
\BOOKMARK [3][-]{section*.17}{\376\377\000T\000h\000e\000\040\000u\000n\000c\000e\000r\000t\000a\000i\000n\000t\000y\000\040\000a\000w\000a\000r\000e\000\040\000d\000y\000n\000a\000m\000i\000c\000s\000\040\000m\000o\000d\000e\000l}{section*.16}% 14
\BOOKMARK [3][-]{section*.18}{\376\377\000T\000h\000e\000\040\000c\000o\000n\000t\000r\000o\000l\000l\000e\000r\000\040\000a\000l\000g\000o\000r\000i\000t\000h\000m}{section*.16}% 15
\BOOKMARK [3][-]{section*.19}{\376\377\000H\000a\000n\000d\000l\000i\000n\000g\000\040\000o\000f\000\040\000t\000h\000e\000\040\000u\000n\000c\000e\000r\000t\000a\000i\000n\000t\000y}{section*.16}% 16
\BOOKMARK [3][-]{section*.20}{\376\377\000T\000h\000e\000\040\000d\000a\000t\000a\000\040\000a\000c\000q\000u\000i\000s\000i\000t\000i\000o\000n}{section*.16}% 17
\BOOKMARK [1][-]{section*.21}{\376\377\000E\000x\000p\000e\000r\000i\000m\000e\000n\000t\000a\000l\000\040\000r\000e\000s\000u\000l\000t\000s\000\040\000f\000r\000o\000m\000\040\000F\000E\000R\000M\000I\000\040\000R\000L\000\040\000o\000n\000l\000i\000n\000e\000\040\000t\000e\000s\000t\000s}{section*.2}% 18
\BOOKMARK [2][-]{section*.23}{\376\377\000M\000F\000R\000L\000\040\000T\000e\000s\000t\000s}{section*.21}% 19
\BOOKMARK [2][-]{section*.29}{\376\377\000M\000B\000R\000L\000\040\000T\000e\000s\000t\000s}{section*.21}% 20
\BOOKMARK [1][-]{section*.34}{\376\377\000D\000i\000s\000c\000u\000s\000s\000i\000o\000n\000\040\000a\000n\000d\000\040\000o\000u\000t\000l\000o\000o\000k}{section*.2}% 21
\BOOKMARK [1][-]{section*.36}{\376\377\000C\000o\000n\000c\000l\000u\000s\000i\000o\000n\000s}{section*.2}% 22
\BOOKMARK [1][-]{section*.37}{\376\377\000A\000c\000k\000n\000o\000w\000l\000e\000d\000g\000e\000m\000e\000n\000t\000s}{section*.2}% 23
\BOOKMARK [1][-]{section*.38}{\376\377\000A\000\040\000N\000o\000n\000-\000l\000i\000n\000e\000a\000r\000\040\000S\000t\000a\000n\000d\000a\000r\000d\000\040\000C\000o\000n\000t\000r\000o\000l\000\040\000P\000r\000o\000b\000l\000e\000m}{section*.2}% 24
\BOOKMARK [2][-]{section*.39}{\376\377\000N\000A\000F\0002\000\040\000D\000e\000t\000a\000i\000l\000s}{section*.38}% 25
\BOOKMARK [2][-]{section*.41}{\376\377\000T\000h\000e\000\040\000I\000m\000p\000a\000c\000t\000\040\000o\000f\000\040\000N\000o\000i\000s\000e}{section*.38}% 26
\BOOKMARK [3][-]{section*.43}{\376\377\000R\000e\000g\000r\000e\000s\000s\000i\000o\000n\000\040\000a\000s\000s\000u\000m\000i\000n\000g\000\040\000h\000o\000m\000o\000s\000k\000e\000d\000a\000s\000t\000i\000c\000\040\000G\000a\000u\000s\000s\000i\000a\000n\000\040\000n\000o\000i\000s\000e\000\040\000u\000s\000i\000n\000g\000\040\000`\000a\000n\000c\000h\000o\000r\000e\000d\000\040\000e\000n\000s\000e\000m\000b\000l\000i\000n\000g\000'}{section*.41}% 27
\BOOKMARK [2][-]{section*.46}{\376\377\000N\000A\000F\000\040\000v\000e\000r\000s\000u\000s\000\040\000A\000E\000-\000D\000Y\000N\000A}{section*.38}% 28
\BOOKMARK [1][-]{section*.48}{\376\377\000R\000e\000f\000e\000r\000e\000n\000c\000e\000s}{section*.2}% 29
